attached
attached
attached
attached
detached
attached
attached
attached
detached
attached
attached
attached
detached
detached
attached
detached
detached
attached
detached
detached
attached
detached
attached
detached
detached
detached
attached
attached
attached
detached
detached
attached
detached
detached
attached
detached
detached
attached
detached
attached
attached
detached
open_driver called
No USB driver found
usb_write called, [0]=0 - disable
close_driver called
detached
